<?xml version="1.0" encoding="UTF-8"?>
<!-- Generated by org.testng.reporters.JUnitReportReporter -->
<testsuite hostname="DESKTOP-BETEQL8" failures="0" tests="4" name="MyTestCases.SignUp" time="36.619" errors="0" timestamp="2024-01-31T07:20:29 EET" skipped="0">
  <testcase classname="MyTestCases.SignUp" name="MyFirstTest" time="14.892"/>
  <system-out/>
  <testcase classname="MyTestCases.SignUp" name="LogoutProccess" time="4.387"/>
  <system-out/>
  <testcase classname="MyTestCases.SignUp" name="LoginProccess" time="5.851"/>
  <system-out/>
  <testcase classname="MyTestCases.SignUp" name="addOneRandomItem" time="11.489"/>
  <system-out/>
</testsuite> <!-- MyTestCases.SignUp -->
