<?xml version="1.0" encoding="UTF-8"?>
<!-- Generated by org.testng.reporters.JUnitReportReporter -->
<testsuite hostname="DESKTOP-BETEQL8" failures="0" tests="1" name="MyTestCases.SignUp" time="19.312" errors="0" timestamp="2024-01-30T04:06:38 EET" skipped="0">
  <testcase classname="MyTestCases.SignUp" name="MyFirstTest" time="19.312"/>
  <system-out/>
</testsuite> <!-- MyTestCases.SignUp -->
